Traceback (most recent call last):
  File "/home/runner/.local/lib/python3.8/site-packages/jupyter_cache/executors/utils.py", line 58, in single_nb_execution
    executenb(
  File "/home/runner/.local/lib/python3.8/site-packages/nbclient/client.py", line 1204, in execute
    return NotebookClient(nb=nb, resources=resources, km=km, **kwargs).execute()
  File "/home/runner/.local/lib/python3.8/site-packages/nbclient/util.py", line 84, in wrapped
    return just_run(coro(*args, **kwargs))
  File "/home/runner/.local/lib/python3.8/site-packages/nbclient/util.py", line 62, in just_run
    return loop.run_until_complete(coro)
  File "/usr/lib/python3.8/asyncio/base_events.py", line 616, in run_until_complete
    return future.result()
  File "/home/runner/.local/lib/python3.8/site-packages/nbclient/client.py", line 663, in async_execute
    await self.async_execute_cell(
  File "/home/runner/.local/lib/python3.8/site-packages/nbclient/client.py", line 965, in async_execute_cell
    await self._check_raise_for_error(cell, cell_index, exec_reply)
  File "/home/runner/.local/lib/python3.8/site-packages/nbclient/client.py", line 862, in _check_raise_for_error
    raise CellExecutionError.from_cell_and_msg(cell, exec_reply_content)
nbclient.exceptions.CellExecutionError: An error occurred while executing the following cell:
------------------
from io import BytesIO

import requests
import numpy as np
from PIL import Image
import matplotlib.pyplot as plt


def get_image_from_web(uri):
    data = requests.get(uri).content
    img = Image.open(BytesIO(data)).convert('RGB')
    rgb_im = np.asarray(img)[..., :3] / 255.
    return rgb_im

# Public domain image.
uri = 'https://upload.wikimedia.org/wikipedia/commons/2/2b/VariableFrequency.jpg'
img = get_image_from_web(uri)

plt.imshow(img)
------------------

[0;31m---------------------------------------------------------------------------[0m
[0;31mUnidentifiedImageError[0m                    Traceback (most recent call last)
Cell [0;32mIn [1], line 17[0m
[1;32m     15[0m [38;5;66;03m# Public domain image.[39;00m
[1;32m     16[0m uri [38;5;241m=[39m [38;5;124m'[39m[38;5;124mhttps://upload.wikimedia.org/wikipedia/commons/2/2b/VariableFrequency.jpg[39m[38;5;124m'[39m
[0;32m---> 17[0m img [38;5;241m=[39m get_image_from_web(uri)
[1;32m     19[0m plt[38;5;241m.[39mimshow(img)

Cell [0;32mIn [1], line 11[0m, in [0;36mget_image_from_web[0;34m(uri)[0m
[1;32m      9[0m [38;5;28;01mdef[39;00m [38;5;21mget_image_from_web[39m(uri):
[1;32m     10[0m     data [38;5;241m=[39m requests[38;5;241m.[39mget(uri)[38;5;241m.[39mcontent
[0;32m---> 11[0m     img [38;5;241m=[39m [43mImage[49m[38;5;241;43m.[39;49m[43mopen[49m[43m([49m[43mBytesIO[49m[43m([49m[43mdata[49m[43m)[49m[43m)[49m[38;5;241m.[39mconvert([38;5;124m'[39m[38;5;124mRGB[39m[38;5;124m'[39m)
[1;32m     12[0m     rgb_im [38;5;241m=[39m np[38;5;241m.[39masarray(img)[[38;5;241m.[39m[38;5;241m.[39m[38;5;241m.[39m, :[38;5;241m3[39m] [38;5;241m/[39m [38;5;241m255.[39m
[1;32m     13[0m     [38;5;28;01mreturn[39;00m rgb_im

File [0;32m~/.local/lib/python3.8/site-packages/PIL/Image.py:3147[0m, in [0;36mopen[0;34m(fp, mode, formats)[0m
[1;32m   3145[0m [38;5;28;01mfor[39;00m message [38;5;129;01min[39;00m accept_warnings:
[1;32m   3146[0m     warnings[38;5;241m.[39mwarn(message)
[0;32m-> 3147[0m [38;5;28;01mraise[39;00m UnidentifiedImageError(
[1;32m   3148[0m     [38;5;124m"[39m[38;5;124mcannot identify image file [39m[38;5;132;01m%r[39;00m[38;5;124m"[39m [38;5;241m%[39m (filename [38;5;28;01mif[39;00m filename [38;5;28;01melse[39;00m fp)
[1;32m   3149[0m )

[0;31mUnidentifiedImageError[0m: cannot identify image file <_io.BytesIO object at 0x7f1a38045630>
UnidentifiedImageError: cannot identify image file <_io.BytesIO object at 0x7f1a38045630>

